c:\users\preet\source\repos\vsssnapshotcopy\vsssnapshotcopy\x64\debug\vc143.pdb
c:\users\preet\source\repos\vsssnapshotcopy\vsssnapshotcopy\x64\debug\vc143.idb
c:\users\preet\source\repos\vsssnapshotcopy\vsssnapshotcopy\x64\debug\snapshotrestorer.obj
c:\users\preet\source\repos\vsssnapshotcopy\vsssnapshotcopy\x64\debug\main.obj
c:\users\preet\source\repos\vsssnapshotcopy\vsssnapshotcopy\x64\debug\snapshotrestorer.ilk
c:\users\preet\source\repos\vsssnapshotcopy\x64\debug\snapshotrestorer.pdb
c:\users\preet\source\repos\vsssnapshotcopy\vsssnapshotcopy\x64\debug\snapshotrestorer.tlog\cl.command.1.tlog
c:\users\preet\source\repos\vsssnapshotcopy\vsssnapshotcopy\x64\debug\snapshotrestorer.tlog\cl.items.tlog
c:\users\preet\source\repos\vsssnapshotcopy\vsssnapshotcopy\x64\debug\snapshotrestorer.tlog\cl.read.1.tlog
c:\users\preet\source\repos\vsssnapshotcopy\vsssnapshotcopy\x64\debug\snapshotrestorer.tlog\cl.write.1.tlog
c:\users\preet\source\repos\vsssnapshotcopy\vsssnapshotcopy\x64\debug\snapshotrestorer.tlog\link.7360-cvtres.read.1.tlog
c:\users\preet\source\repos\vsssnapshotcopy\vsssnapshotcopy\x64\debug\snapshotrestorer.tlog\link.7360-cvtres.write.1.tlog
c:\users\preet\source\repos\vsssnapshotcopy\vsssnapshotcopy\x64\debug\snapshotrestorer.tlog\link.7360-rc.read.1.tlog
c:\users\preet\source\repos\vsssnapshotcopy\vsssnapshotcopy\x64\debug\snapshotrestorer.tlog\link.7360-rc.write.1.tlog
c:\users\preet\source\repos\vsssnapshotcopy\vsssnapshotcopy\x64\debug\snapshotrestorer.tlog\link.7360.read.1.tlog
c:\users\preet\source\repos\vsssnapshotcopy\vsssnapshotcopy\x64\debug\snapshotrestorer.tlog\link.7360.read.2.tlog
c:\users\preet\source\repos\vsssnapshotcopy\vsssnapshotcopy\x64\debug\snapshotrestorer.tlog\link.7360.write.1.tlog
c:\users\preet\source\repos\vsssnapshotcopy\vsssnapshotcopy\x64\debug\snapshotrestorer.tlog\link.command.1.tlog
c:\users\preet\source\repos\vsssnapshotcopy\vsssnapshotcopy\x64\debug\snapshotrestorer.tlog\link.read.1.tlog
c:\users\preet\source\repos\vsssnapshotcopy\vsssnapshotcopy\x64\debug\snapshotrestorer.tlog\link.secondary.1.tlog
c:\users\preet\source\repos\vsssnapshotcopy\vsssnapshotcopy\x64\debug\snapshotrestorer.tlog\link.write.1.tlog
